2025-08-26 14:17:16,602 - root - ERROR - ุฎุทุง: ูุงู ูููุช "arial-unicode-ms.ttf" ุงูุช ูุดุฏ. ูุทูุง ูุทูุฆู ุดูุฏ ฺฉู ูุงู ูููุช ุฏุฑ ฺฉูุงุฑ app.py ูุฑุงุฑ ุฏุงุฑุฏ.
2025-08-26 14:17:16,602 - root - WARNING - ูููุช ArialUnicodeMS ุจุงุฑฺฏุฐุงุฑ ูุดุฏ. ุนููฺฉุฑุฏ OCR ููฺฉู ุงุณุช ุชุญุช ุชุงุซุฑ ูุฑุงุฑ ฺฏุฑุฏ.
2025-08-26 14:17:16,603 - root - INFO - ฺฉุงุฑฺฏุฑ ุตู ุดุฑูุน ุจู ฺฉุงุฑ ฺฉุฑุฏ
2025-08-26 14:17:16,603 - root - INFO - ฺฉุงุฑฺฏุฑ ุตู ุดูุงุฑู 1 ุดุฑูุน ุดุฏ
2025-08-26 14:17:16,603 - root - INFO - ฺฉุงุฑฺฏุฑ ุตู ุดุฑูุน ุจู ฺฉุงุฑ ฺฉุฑุฏ
2025-08-26 14:17:16,603 - root - INFO - ฺฉุงุฑฺฏุฑ ุตู ุดูุงุฑู 2 ุดุฑูุน ุดุฏ
2025-08-26 14:17:16,603 - root - INFO - ฺฉุงุฑฺฏุฑ ุตู ุดุฑูุน ุจู ฺฉุงุฑ ฺฉุฑุฏ
2025-08-26 14:17:16,603 - root - INFO - ฺฉุงุฑฺฏุฑ ุตู ุดูุงุฑู 3 ุดุฑูุน ุดุฏ
2025-08-26 14:17:16,604 - root - INFO - ุจุฑูุงูู OCR ุดุฑูุน ุดุฏ
2025-08-26 14:17:16,646 - werkzeug - INFO - [31m[1mWARNING: This is a development server. Do not use it in a production deployment. Use a production WSGI server instead.[0m
 * Running on all addresses (0.0.0.0)
 * Running on http://127.0.0.1:5000
 * Running on http://192.168.4.177:5000
2025-08-26 14:17:16,646 - werkzeug - INFO - [33mPress CTRL+C to quit[0m
2025-08-26 14:17:16,648 - werkzeug - INFO -  * Restarting with stat
2025-08-26 14:17:16,986 - root - ERROR - ุฎุทุง: ูุงู ูููุช "arial-unicode-ms.ttf" ุงูุช ูุดุฏ. ูุทูุง ูุทูุฆู ุดูุฏ ฺฉู ูุงู ูููุช ุฏุฑ ฺฉูุงุฑ app.py ูุฑุงุฑ ุฏุงุฑุฏ.
2025-08-26 14:17:16,987 - root - WARNING - ูููุช ArialUnicodeMS ุจุงุฑฺฏุฐุงุฑ ูุดุฏ. ุนููฺฉุฑุฏ OCR ููฺฉู ุงุณุช ุชุญุช ุชุงุซุฑ ูุฑุงุฑ ฺฏุฑุฏ.
2025-08-26 14:17:16,987 - root - INFO - ฺฉุงุฑฺฏุฑ ุตู ุดุฑูุน ุจู ฺฉุงุฑ ฺฉุฑุฏ
2025-08-26 14:17:16,987 - root - INFO - ฺฉุงุฑฺฏุฑ ุตู ุดูุงุฑู 1 ุดุฑูุน ุดุฏ
2025-08-26 14:17:16,988 - root - INFO - ฺฉุงุฑฺฏุฑ ุตู ุดุฑูุน ุจู ฺฉุงุฑ ฺฉุฑุฏ
2025-08-26 14:17:16,988 - root - INFO - ฺฉุงุฑฺฏุฑ ุตู ุดูุงุฑู 2 ุดุฑูุน ุดุฏ
2025-08-26 14:17:16,988 - root - INFO - ฺฉุงุฑฺฏุฑ ุตู ุดุฑูุน ุจู ฺฉุงุฑ ฺฉุฑุฏ
2025-08-26 14:17:16,988 - root - INFO - ฺฉุงุฑฺฏุฑ ุตู ุดูุงุฑู 3 ุดุฑูุน ุดุฏ
2025-08-26 14:17:16,989 - root - INFO - ุจุฑูุงูู OCR ุดุฑูุน ุดุฏ
2025-08-26 14:17:16,995 - werkzeug - WARNING -  * Debugger is active!
2025-08-26 14:17:16,999 - werkzeug - INFO -  * Debugger PIN: 666-557-167
